2018-05-06 06:01:04,079 CRIT Supervisor running as root (no user in config file)
2018-05-06 06:01:04,079 WARN Included extra file "/etc/supervisor/conf.d/supervisord.conf" during parsing
2018-05-06 06:01:04,121 INFO RPC interface 'supervisor' initialized
2018-05-06 06:01:04,121 CRIT Server 'unix_http_server' running without any HTTP authentication checking
2018-05-06 06:01:04,121 INFO supervisord started with pid 1
2018-05-06 06:01:05,130 INFO spawned: 'varnishd' with pid 13
2018-05-06 06:01:05,141 INFO spawned: 'php-fpm' with pid 14
2018-05-06 06:01:05,160 INFO spawned: 'varnish-plugins-watcher' with pid 15
2018-05-06 06:01:05,209 INFO spawned: 'nginx' with pid 16
2018-05-06 06:01:05,237 INFO spawned: 'MailHog' with pid 18
2018-05-06 06:01:05,270 INFO spawned: 'mysql' with pid 19
2018-05-06 06:01:05,289 INFO spawned: 'varnish-themes-watcher' with pid 22
2018-05-06 06:01:06,834 INFO success: varnishd entered RUNNING state, process has stayed up for > than 1 seconds (startsecs)
2018-05-06 06:01:06,842 INFO success: php-fpm entered RUNNING state, process has stayed up for > than 1 seconds (startsecs)
2018-05-06 06:01:06,842 INFO success: varnish-plugins-watcher entered RUNNING state, process has stayed up for > than 1 seconds (startsecs)
2018-05-06 06:01:06,842 INFO success: nginx entered RUNNING state, process has stayed up for > than 1 seconds (startsecs)
2018-05-06 06:01:06,842 INFO success: MailHog entered RUNNING state, process has stayed up for > than 1 seconds (startsecs)
2018-05-06 06:01:06,843 INFO success: mysql entered RUNNING state, process has stayed up for > than 1 seconds (startsecs)
2018-05-06 06:01:06,843 INFO success: varnish-themes-watcher entered RUNNING state, process has stayed up for > than 1 seconds (startsecs)
2018-05-06 11:03:49,181 WARN received SIGTERM indicating exit request
2018-05-06 11:03:49,188 INFO waiting for varnishd, php-fpm, varnish-plugins-watcher, nginx, MailHog, mysql, varnish-themes-watcher to die
2018-05-06 11:03:49,239 INFO stopped: varnish-themes-watcher (terminated by SIGTERM)
2018-05-06 11:03:49,271 INFO stopped: mysql (exit status 0)
2018-05-06 11:03:49,274 INFO stopped: MailHog (terminated by SIGTERM)
2018-05-06 11:03:49,283 INFO stopped: nginx (exit status 0)
2018-05-06 11:03:50,287 INFO stopped: varnish-plugins-watcher (terminated by SIGTERM)
2018-05-06 11:03:50,312 INFO stopped: php-fpm (exit status 0)
2018-05-06 11:03:51,386 INFO stopped: varnishd (exit status 0)
2018-05-06 11:03:55,281 CRIT Supervisor running as root (no user in config file)
2018-05-06 11:03:55,281 WARN Included extra file "/etc/supervisor/conf.d/supervisord.conf" during parsing
2018-05-06 11:03:55,330 INFO RPC interface 'supervisor' initialized
2018-05-06 11:03:55,335 CRIT Server 'unix_http_server' running without any HTTP authentication checking
2018-05-06 11:03:55,335 INFO supervisord started with pid 1
2018-05-06 11:03:56,338 INFO spawned: 'varnishd' with pid 28
2018-05-06 11:03:56,346 INFO spawned: 'php-fpm' with pid 29
2018-05-06 11:03:56,348 INFO spawned: 'varnish-plugins-watcher' with pid 30
2018-05-06 11:03:56,352 INFO spawned: 'nginx' with pid 31
2018-05-06 11:03:56,363 INFO spawned: 'MailHog' with pid 32
2018-05-06 11:03:56,378 INFO spawned: 'mysql' with pid 33
2018-05-06 11:03:56,387 INFO spawned: 'varnish-themes-watcher' with pid 34
2018-05-06 11:03:57,347 INFO success: varnishd entered RUNNING state, process has stayed up for > than 1 seconds (startsecs)
2018-05-06 11:03:57,347 INFO success: php-fpm entered RUNNING state, process has stayed up for > than 1 seconds (startsecs)
2018-05-06 11:03:57,347 INFO success: varnish-plugins-watcher entered RUNNING state, process has stayed up for > than 1 seconds (startsecs)
2018-05-06 11:03:57,463 INFO success: nginx entered RUNNING state, process has stayed up for > than 1 seconds (startsecs)
2018-05-06 11:03:57,463 INFO success: MailHog entered RUNNING state, process has stayed up for > than 1 seconds (startsecs)
2018-05-06 11:03:57,464 INFO success: mysql entered RUNNING state, process has stayed up for > than 1 seconds (startsecs)
2018-05-06 11:03:57,464 INFO success: varnish-themes-watcher entered RUNNING state, process has stayed up for > than 1 seconds (startsecs)
2018-05-20 10:58:56,502 CRIT Supervisor running as root (no user in config file)
2018-05-20 10:58:56,502 WARN Included extra file "/etc/supervisor/conf.d/supervisord.conf" during parsing
2018-05-20 10:58:56,845 INFO RPC interface 'supervisor' initialized
2018-05-20 10:58:56,851 CRIT Server 'unix_http_server' running without any HTTP authentication checking
2018-05-20 10:58:56,851 INFO supervisord started with pid 1
2018-05-20 10:58:57,855 INFO spawned: 'varnishd' with pid 24
2018-05-20 10:58:57,859 INFO spawned: 'php-fpm' with pid 25
2018-05-20 10:58:57,862 INFO spawned: 'varnish-plugins-watcher' with pid 26
2018-05-20 10:58:57,875 INFO spawned: 'nginx' with pid 27
2018-05-20 10:58:57,885 INFO spawned: 'MailHog' with pid 28
2018-05-20 10:58:57,903 INFO spawned: 'mysql' with pid 29
2018-05-20 10:58:57,925 INFO spawned: 'varnish-themes-watcher' with pid 31
2018-05-20 10:58:59,141 INFO success: varnishd entered RUNNING state, process has stayed up for > than 1 seconds (startsecs)
2018-05-20 10:58:59,141 INFO success: php-fpm entered RUNNING state, process has stayed up for > than 1 seconds (startsecs)
2018-05-20 10:58:59,142 INFO success: varnish-plugins-watcher entered RUNNING state, process has stayed up for > than 1 seconds (startsecs)
2018-05-20 10:58:59,142 INFO success: nginx entered RUNNING state, process has stayed up for > than 1 seconds (startsecs)
2018-05-20 10:58:59,142 INFO success: MailHog entered RUNNING state, process has stayed up for > than 1 seconds (startsecs)
2018-05-20 10:58:59,142 INFO success: mysql entered RUNNING state, process has stayed up for > than 1 seconds (startsecs)
2018-05-20 10:58:59,142 INFO success: varnish-themes-watcher entered RUNNING state, process has stayed up for > than 1 seconds (startsecs)
2018-06-01 11:53:24,835 CRIT Supervisor running as root (no user in config file)
2018-06-01 11:53:24,836 WARN Included extra file "/etc/supervisor/conf.d/supervisord.conf" during parsing
2018-06-01 11:53:25,192 INFO RPC interface 'supervisor' initialized
2018-06-01 11:53:25,196 CRIT Server 'unix_http_server' running without any HTTP authentication checking
2018-06-01 11:53:25,196 INFO supervisord started with pid 1
2018-06-01 11:53:26,201 INFO spawned: 'varnishd' with pid 25
2018-06-01 11:53:26,205 INFO spawned: 'php-fpm' with pid 26
2018-06-01 11:53:26,207 INFO spawned: 'varnish-plugins-watcher' with pid 27
2018-06-01 11:53:26,213 INFO spawned: 'nginx' with pid 28
2018-06-01 11:53:26,221 INFO spawned: 'MailHog' with pid 29
2018-06-01 11:53:26,243 INFO spawned: 'mysql' with pid 30
2018-06-01 11:53:26,258 INFO spawned: 'varnish-themes-watcher' with pid 31
2018-06-01 11:53:27,554 INFO success: varnishd entered RUNNING state, process has stayed up for > than 1 seconds (startsecs)
2018-06-01 11:53:27,555 INFO success: php-fpm entered RUNNING state, process has stayed up for > than 1 seconds (startsecs)
2018-06-01 11:53:27,555 INFO success: varnish-plugins-watcher entered RUNNING state, process has stayed up for > than 1 seconds (startsecs)
2018-06-01 11:53:27,555 INFO success: nginx entered RUNNING state, process has stayed up for > than 1 seconds (startsecs)
2018-06-01 11:53:27,556 INFO success: MailHog entered RUNNING state, process has stayed up for > than 1 seconds (startsecs)
2018-06-01 11:53:27,556 INFO success: mysql entered RUNNING state, process has stayed up for > than 1 seconds (startsecs)
2018-06-01 11:53:27,556 INFO success: varnish-themes-watcher entered RUNNING state, process has stayed up for > than 1 seconds (startsecs)
