2018-05-06 06:01:06 27 [Warning] Using unique option prefix myisam-recover instead of myisam-recover-options is deprecated and will be removed in a future release. Please use the full name instead.
2018-05-06 06:01:06 27 [Note] Plugin 'FEDERATED' is disabled.
2018-05-06 06:01:06 27 [Note] InnoDB: Using atomics to ref count buffer pool pages
2018-05-06 06:01:06 27 [Note] InnoDB: The InnoDB memory heap is disabled
2018-05-06 06:01:06 27 [Note] InnoDB: Mutexes and rw_locks use GCC atomic builtins
2018-05-06 06:01:06 27 [Note] InnoDB: Memory barrier is not used
2018-05-06 06:01:06 27 [Note] InnoDB: Compressed tables use zlib 1.2.3
2018-05-06 06:01:06 27 [Note] InnoDB: Using Linux native AIO
2018-05-06 06:01:06 27 [Note] InnoDB: Using CPU crc32 instructions
2018-05-06 06:01:06 27 [Note] InnoDB: Initializing buffer pool, size = 32.0M
2018-05-06 06:01:06 27 [Note] InnoDB: Completed initialization of buffer pool
2018-05-06 06:01:06 27 [Note] InnoDB: Highest supported file format is Barracuda.
2018-05-06 06:01:06 27 [Note] InnoDB: The log sequence numbers 1625987 and 1625987 in ibdata files do not match the log sequence number 1625997 in the ib_logfiles!
2018-05-06 06:01:06 27 [Note] InnoDB: Database was not shutdown normally!
2018-05-06 06:01:06 27 [Note] InnoDB: Starting crash recovery.
2018-05-06 06:01:06 27 [Note] InnoDB: Reading tablespace information from the .ibd files...
2018-05-06 06:01:06 27 [Note] InnoDB: Restoring possible half-written data pages 
2018-05-06 06:01:06 27 [Note] InnoDB: from the doublewrite buffer...
2018-05-06 06:01:06 27 [Note] InnoDB: 128 rollback segment(s) are active.
2018-05-06 06:01:06 27 [Note] InnoDB: Waiting for purge to start
2018-05-06 06:01:06 27 [Note] InnoDB: 5.6.37 started; log sequence number 1625997
2018-05-06 06:01:06 27 [Note] Server hostname (bind-address): '*'; port: 3306
2018-05-06 06:01:06 27 [Note] IPv6 is available.
2018-05-06 06:01:06 27 [Note]   - '::' resolves to '::';
2018-05-06 06:01:06 27 [Note] Server socket created on IP: '::'.
2018-05-06 06:01:06 27 [ERROR] /usr/sbin/mysqld: Table './mysql/user' is marked as crashed and should be repaired
2018-05-06 06:01:06 27 [Warning] Checking table:   './mysql/user'
2018-05-06 06:01:06 27 [ERROR] 1 client is using or hasn't closed the table properly
2018-05-06 06:01:06 27 [Warning] 'user' entry 'root@e24d0b5cccc1' ignored in --skip-name-resolve mode.
2018-05-06 06:01:06 27 [Warning] 'user' entry '@e24d0b5cccc1' ignored in --skip-name-resolve mode.
2018-05-06 06:01:06 27 [Warning] 'proxies_priv' entry '@ root@e24d0b5cccc1' ignored in --skip-name-resolve mode.
2018-05-06 06:01:06 27 [Note] Event Scheduler: Loaded 0 events
2018-05-06 06:01:06 27 [Note] /usr/sbin/mysqld: ready for connections.
Version: '5.6.37'  socket: '/var/run/mysqld/mysqld.sock'  port: 3306  MySQL Community Server (GPL)
2018-05-06 11:03:49 27 [Note] /usr/sbin/mysqld: Normal shutdown

2018-05-06 11:03:49 27 [Note] Giving 1 client threads a chance to die gracefully
2018-05-06 11:03:49 27 [Note] Event Scheduler: Purging the queue. 0 events
2018-05-06 11:03:49 27 [Note] Shutting down slave threads
2018-05-06 11:03:51 27 [Note] Forcefully disconnecting 0 remaining clients
2018-05-06 11:03:51 27 [Note] Binlog end
2018-05-06 11:03:51 27 [Note] Shutting down plugin 'partition'
2018-05-06 11:03:51 27 [Note] Shutting down plugin 'INNODB_SYS_DATAFILES'
2018-05-06 11:03:51 27 [Note] Shutting down plugin 'INNODB_SYS_TABLESPACES'
2018-05-06 11:03:51 27 [Note] Shutting down plugin 'INNODB_SYS_FOREIGN_COLS'
2018-05-06 11:03:51 27 [Note] Shutting down plugin 'INNODB_SYS_FOREIGN'
2018-05-06 11:03:51 27 [Note] Shutting down plugin 'INNODB_SYS_FIELDS'
2018-05-06 11:03:51 27 [Note] Shutting down plugin 'INNODB_SYS_COLUMNS'
2018-05-06 11:03:51 27 [Note] Shutting down plugin 'INNODB_SYS_INDEXES'
2018-05-06 11:03:51 27 [Note] Shutting down plugin 'INNODB_SYS_TABLESTATS'
2018-05-06 11:03:51 27 [Note] Shutting down plugin 'INNODB_SYS_TABLES'
2018-05-06 11:03:51 27 [Note] Shutting down plugin 'INNODB_FT_INDEX_TABLE'
2018-05-06 11:03:51 27 [Note] Shutting down plugin 'INNODB_FT_INDEX_CACHE'
2018-05-06 11:03:51 27 [Note] Shutting down plugin 'INNODB_FT_CONFIG'
2018-05-06 11:03:51 27 [Note] Shutting down plugin 'INNODB_FT_BEING_DELETED'
2018-05-06 11:03:51 27 [Note] Shutting down plugin 'INNODB_FT_DELETED'
2018-05-06 11:03:51 27 [Note] Shutting down plugin 'INNODB_FT_DEFAULT_STOPWORD'
2018-05-06 11:03:51 27 [Note] Shutting down plugin 'INNODB_METRICS'
2018-05-06 11:03:51 27 [Note] Shutting down plugin 'INNODB_BUFFER_POOL_STATS'
2018-05-06 11:03:51 27 [Note] Shutting down plugin 'INNODB_BUFFER_PAGE_LRU'
2018-05-06 11:03:51 27 [Note] Shutting down plugin 'INNODB_BUFFER_PAGE'
2018-05-06 11:03:51 27 [Note] Shutting down plugin 'INNODB_CMP_PER_INDEX_RESET'
2018-05-06 11:03:51 27 [Note] Shutting down plugin 'INNODB_CMP_PER_INDEX'
2018-05-06 11:03:51 27 [Note] Shutting down plugin 'INNODB_CMPMEM_RESET'
2018-05-06 11:03:51 27 [Note] Shutting down plugin 'INNODB_CMPMEM'
2018-05-06 11:03:51 27 [Note] Shutting down plugin 'INNODB_CMP_RESET'
2018-05-06 11:03:51 27 [Note] Shutting down plugin 'INNODB_CMP'
2018-05-06 11:03:51 27 [Note] Shutting down plugin 'INNODB_LOCK_WAITS'
2018-05-06 11:03:51 27 [Note] Shutting down plugin 'INNODB_LOCKS'
2018-05-06 11:03:51 27 [Note] Shutting down plugin 'INNODB_TRX'
2018-05-06 11:03:51 27 [Note] Shutting down plugin 'InnoDB'
2018-05-06 11:03:51 27 [Note] InnoDB: FTS optimize thread exiting.
2018-05-06 11:03:51 27 [Note] InnoDB: Starting shutdown...
2018-05-06 11:03:56 42 [Warning] Using unique option prefix myisam-recover instead of myisam-recover-options is deprecated and will be removed in a future release. Please use the full name instead.
2018-05-06 11:03:56 42 [Note] Plugin 'FEDERATED' is disabled.
2018-05-06 11:03:56 42 [Note] InnoDB: Using atomics to ref count buffer pool pages
2018-05-06 11:03:56 42 [Note] InnoDB: The InnoDB memory heap is disabled
2018-05-06 11:03:56 42 [Note] InnoDB: Mutexes and rw_locks use GCC atomic builtins
2018-05-06 11:03:56 42 [Note] InnoDB: Memory barrier is not used
2018-05-06 11:03:56 42 [Note] InnoDB: Compressed tables use zlib 1.2.3
2018-05-06 11:03:56 42 [Note] InnoDB: Using Linux native AIO
2018-05-06 11:03:56 42 [Note] InnoDB: Using CPU crc32 instructions
2018-05-06 11:03:56 42 [Note] InnoDB: Initializing buffer pool, size = 32.0M
2018-05-06 11:03:56 42 [Note] InnoDB: Completed initialization of buffer pool
2018-05-06 11:03:56 42 [Note] InnoDB: Highest supported file format is Barracuda.
2018-05-06 11:03:56 42 [Note] InnoDB: Log scan progressed past the checkpoint lsn 3620661
2018-05-06 11:03:56 42 [Note] InnoDB: Database was not shutdown normally!
2018-05-06 11:03:56 42 [Note] InnoDB: Starting crash recovery.
2018-05-06 11:03:56 42 [Note] InnoDB: Reading tablespace information from the .ibd files...
2018-05-06 11:03:56 42 [Note] InnoDB: Restoring possible half-written data pages 
2018-05-06 11:03:56 42 [Note] InnoDB: from the doublewrite buffer...
InnoDB: Doing recovery: scanned up to log sequence number 3622240
2018-05-06 11:03:56 42 [Note] InnoDB: Starting an apply batch of log records to the database...
InnoDB: Progress in percent: 15 16 17 18 19 20 21 22 23 24 25 26 27 28 29 30 31 32 33 34 35 36 37 38 39 40 41 42 43 44 45 46 47 48 49 50 51 52 53 54 55 56 57 58 59 60 61 62 63 64 65 66 67 68 69 70 71 72 73 74 75 76 77 78 79 80 81 82 83 84 85 86 87 88 89 90 91 92 93 94 95 96 97 98 99 
InnoDB: Apply batch completed
2018-05-06 11:03:56 42 [Note] InnoDB: 128 rollback segment(s) are active.
2018-05-06 11:03:56 42 [Note] InnoDB: Waiting for purge to start
2018-05-06 11:03:56 42 [Note] InnoDB: 5.6.37 started; log sequence number 3622240
2018-05-06 11:03:56 42 [Note] Server hostname (bind-address): '*'; port: 3306
2018-05-06 11:03:56 42 [Note] IPv6 is available.
2018-05-06 11:03:56 42 [Note]   - '::' resolves to '::';
2018-05-06 11:03:56 42 [Note] Server socket created on IP: '::'.
2018-05-06 11:03:56 42 [Warning] 'user' entry 'root@e24d0b5cccc1' ignored in --skip-name-resolve mode.
2018-05-06 11:03:56 42 [Warning] 'user' entry '@e24d0b5cccc1' ignored in --skip-name-resolve mode.
2018-05-06 11:03:56 42 [Warning] 'proxies_priv' entry '@ root@e24d0b5cccc1' ignored in --skip-name-resolve mode.
2018-05-06 11:03:57 42 [Note] Event Scheduler: Loaded 0 events
2018-05-06 11:03:57 42 [Note] /usr/sbin/mysqld: ready for connections.
Version: '5.6.37'  socket: '/var/run/mysqld/mysqld.sock'  port: 3306  MySQL Community Server (GPL)
2018-05-20 10:58:58 38 [Warning] Using unique option prefix myisam-recover instead of myisam-recover-options is deprecated and will be removed in a future release. Please use the full name instead.
2018-05-20 10:58:58 38 [Note] Plugin 'FEDERATED' is disabled.
2018-05-20 10:58:58 38 [Note] InnoDB: Using atomics to ref count buffer pool pages
2018-05-20 10:58:58 38 [Note] InnoDB: The InnoDB memory heap is disabled
2018-05-20 10:58:58 38 [Note] InnoDB: Mutexes and rw_locks use GCC atomic builtins
2018-05-20 10:58:58 38 [Note] InnoDB: Memory barrier is not used
2018-05-20 10:58:58 38 [Note] InnoDB: Compressed tables use zlib 1.2.3
2018-05-20 10:58:58 38 [Note] InnoDB: Using Linux native AIO
2018-05-20 10:58:58 38 [Note] InnoDB: Using CPU crc32 instructions
2018-05-20 10:58:58 38 [Note] InnoDB: Initializing buffer pool, size = 32.0M
2018-05-20 10:58:58 38 [Note] InnoDB: Completed initialization of buffer pool
2018-05-20 10:58:58 38 [Note] InnoDB: Highest supported file format is Barracuda.
2018-05-20 10:58:58 38 [Note] InnoDB: The log sequence numbers 1625987 and 1625987 in ibdata files do not match the log sequence number 6136361 in the ib_logfiles!
2018-05-20 10:58:58 38 [Note] InnoDB: Database was not shutdown normally!
2018-05-20 10:58:58 38 [Note] InnoDB: Starting crash recovery.
2018-05-20 10:58:58 38 [Note] InnoDB: Reading tablespace information from the .ibd files...
2018-05-20 10:58:58 38 [Note] InnoDB: Restoring possible half-written data pages 
2018-05-20 10:58:58 38 [Note] InnoDB: from the doublewrite buffer...
2018-05-20 10:58:58 38 [Note] InnoDB: 128 rollback segment(s) are active.
2018-05-20 10:58:58 38 [Note] InnoDB: Waiting for purge to start
2018-05-20 10:58:58 38 [Note] InnoDB: 5.6.37 started; log sequence number 6136361
2018-05-20 10:58:58 38 [Note] Server hostname (bind-address): '*'; port: 3306
2018-05-20 10:58:58 38 [Note] IPv6 is available.
2018-05-20 10:58:58 38 [Note]   - '::' resolves to '::';
2018-05-20 10:58:58 38 [Note] Server socket created on IP: '::'.
2018-05-20 10:58:58 38 [Warning] 'user' entry 'root@e24d0b5cccc1' ignored in --skip-name-resolve mode.
2018-05-20 10:58:58 38 [Warning] 'user' entry '@e24d0b5cccc1' ignored in --skip-name-resolve mode.
2018-05-20 10:58:58 38 [Warning] 'proxies_priv' entry '@ root@e24d0b5cccc1' ignored in --skip-name-resolve mode.
2018-05-20 10:58:58 38 [Note] Event Scheduler: Loaded 0 events
2018-05-20 10:58:58 38 [Note] /usr/sbin/mysqld: ready for connections.
Version: '5.6.37'  socket: '/var/run/mysqld/mysqld.sock'  port: 3306  MySQL Community Server (GPL)
2018-06-01 11:53:26 39 [Warning] Using unique option prefix myisam-recover instead of myisam-recover-options is deprecated and will be removed in a future release. Please use the full name instead.
2018-06-01 11:53:26 39 [Note] Plugin 'FEDERATED' is disabled.
2018-06-01 11:53:26 39 [Note] InnoDB: Using atomics to ref count buffer pool pages
2018-06-01 11:53:26 39 [Note] InnoDB: The InnoDB memory heap is disabled
2018-06-01 11:53:26 39 [Note] InnoDB: Mutexes and rw_locks use GCC atomic builtins
2018-06-01 11:53:26 39 [Note] InnoDB: Memory barrier is not used
2018-06-01 11:53:26 39 [Note] InnoDB: Compressed tables use zlib 1.2.3
2018-06-01 11:53:26 39 [Note] InnoDB: Using Linux native AIO
2018-06-01 11:53:26 39 [Note] InnoDB: Using CPU crc32 instructions
2018-06-01 11:53:26 39 [Note] InnoDB: Initializing buffer pool, size = 32.0M
2018-06-01 11:53:26 39 [Note] InnoDB: Completed initialization of buffer pool
2018-06-01 11:53:26 39 [Note] InnoDB: Highest supported file format is Barracuda.
2018-06-01 11:53:26 39 [Note] InnoDB: The log sequence numbers 1625987 and 1625987 in ibdata files do not match the log sequence number 6563221 in the ib_logfiles!
2018-06-01 11:53:26 39 [Note] InnoDB: Database was not shutdown normally!
2018-06-01 11:53:26 39 [Note] InnoDB: Starting crash recovery.
2018-06-01 11:53:26 39 [Note] InnoDB: Reading tablespace information from the .ibd files...
2018-06-01 11:53:26 39 [Note] InnoDB: Restoring possible half-written data pages 
2018-06-01 11:53:26 39 [Note] InnoDB: from the doublewrite buffer...
2018-06-01 11:53:27 39 [Note] InnoDB: 128 rollback segment(s) are active.
2018-06-01 11:53:27 39 [Note] InnoDB: Waiting for purge to start
2018-06-01 11:53:27 39 [Note] InnoDB: 5.6.37 started; log sequence number 6563221
2018-06-01 11:53:27 39 [Note] Server hostname (bind-address): '*'; port: 3306
2018-06-01 11:53:27 39 [Note] IPv6 is available.
2018-06-01 11:53:27 39 [Note]   - '::' resolves to '::';
2018-06-01 11:53:27 39 [Note] Server socket created on IP: '::'.
2018-06-01 11:53:27 39 [Warning] 'user' entry 'root@e24d0b5cccc1' ignored in --skip-name-resolve mode.
2018-06-01 11:53:27 39 [Warning] 'user' entry '@e24d0b5cccc1' ignored in --skip-name-resolve mode.
2018-06-01 11:53:27 39 [Warning] 'proxies_priv' entry '@ root@e24d0b5cccc1' ignored in --skip-name-resolve mode.
2018-06-01 11:53:27 39 [Note] Event Scheduler: Loaded 0 events
2018-06-01 11:53:27 39 [Note] /usr/sbin/mysqld: ready for connections.
Version: '5.6.37'  socket: '/var/run/mysqld/mysqld.sock'  port: 3306  MySQL Community Server (GPL)
